SF:lib\simple_database.dart
DA:16,1
DA:22,1
DA:23,2
DA:24,4
DA:28,1
DA:29,3
DA:33,1
DA:34,2
DA:36,3
DA:38,3
DA:39,1
DA:41,2
DA:44,3
DA:46,1
DA:54,1
DA:55,2
DA:57,2
DA:59,1
DA:63,1
DA:64,2
DA:68,1
DA:69,2
DA:71,2
DA:72,1
DA:75,2
DA:79,1
DA:80,2
DA:82,1
DA:84,1
DA:88,1
DA:89,3
DA:93,1
DA:94,2
DA:96,2
DA:98,1
DA:100,2
DA:104,1
DA:105,2
DA:106,1
DA:108,2
DA:109,2
DA:112,2
DA:114,3
DA:119,1
DA:120,2
DA:122,2
DA:123,1
DA:132,1
DA:133,2
DA:134,1
DA:135,2
DA:139,1
DA:140,2
DA:142,2
DA:145,1
DA:152,1
DA:153,2
DA:155,1
DA:157,2
DA:159,1
LF:60
LH:60
end_of_record
